<?xml version="1.0" encoding="UTF-8"?>
<!-- Generated by org.testng.reporters.JUnitReportReporter -->
<testsuite skipped="0" hostname="DESKTOP-941BKNN" name="test.AddCustomerTest" tests="1" failures="0" timestamp="2021-05-15T08:57:28 CDT" time="19.254" errors="0">
  <testcase name="validUserShouleBeAbleToAddCustomer" time="19.254" classname="test.AddCustomerTest"/>
  <system-out/>
</testsuite> <!-- test.AddCustomerTest -->
