<?xml version="1.0" encoding="UTF-8"?>
<!-- Generated by org.testng.reporters.JUnitReportReporter -->
<testsuite skipped="0" hostname="DESKTOP-941BKNN" name="test.loginTest" tests="1" failures="0" timestamp="2021-05-17T13:05:30 CDT" time="12.972" errors="0">
  <testcase name="validUserloginPage" time="12.972" classname="test.loginTest"/>
  <system-out/>
</testsuite> <!-- test.loginTest -->
